Using pre-set license
Built from '2020.3/release' branch; Version is '2020.3.12f1 (b3b2c6512326) revision 11776710'; Using compiler version '192528614'; Build Type 'Release'
OS: 'Windows 10 Home; OS build 19042.1052; Version 2009; 64bit' Language: 'zh' Physical Memory: 16225 MB
BatchMode: 1, IsHumanControllingUs: 0, StartBugReporterOnCrash: 0, Is64bit: 1, IsPro: 0

 COMMAND LINE ARGUMENTS:
E:\Program Files (x86)\Unity\2020.3.12f1\Editor\Unity.exe
-adb2
-batchMode
-noUpm
-name
AssetImportWorker0
-projectPath
E:/專案/Project Aeronautica
-logFile
Logs/AssetImportWorker0.log
-srvPort
57159
Successfully changed project path to: E:/專案/Project Aeronautica
E:/專案/Project Aeronautica
Using Asset Import Pipeline V2.
Refreshing native plugins compatible for Editor in 53.17 ms, found 3 plugins.
Preloading 0 native plugins for Editor in 0.00 ms.
Initialize engine version: 2020.3.12f1 (b3b2c6512326)
[Subsystems] Discovering subsystems at path E:/Program Files (x86)/Unity/2020.3.12f1/Editor/Data/Resources/UnitySubsystems
[Subsystems] Discovering subsystems at path E:/專案/Project Aeronautica/Assets
GfxDevice: creating device client; threaded=0
Direct3D:
    Version:  Direct3D 11.0 [level 11.1]
    Renderer: NVIDIA GeForce RTX 2060 (ID=0x1f11)
    Vendor:   
    VRAM:     5980 MB
    Driver:   27.21.14.6677
Initialize mono
Mono path[0] = 'E:/Program Files (x86)/Unity/2020.3.12f1/Editor/Data/Managed'
Mono path[1] = 'E:/Program Files (x86)/Unity/2020.3.12f1/Editor/Data/MonoBleedingEdge/lib/mono/unityjit'
Mono config path = 'E:/Program Files (x86)/Unity/2020.3.12f1/Editor/Data/MonoBleedingEdge/etc'
Using monoOptions --debugger-agent=transport=dt_socket,embedding=1,server=y,suspend=n,address=127.0.0.1:56224
Begin MonoManager ReloadAssembly
Registering precompiled unity dll's ...
Register platform support module: E:/Program Files (x86)/Unity/2020.3.12f1/Editor/Data/PlaybackEngines/WebGLSupport/UnityEditor.WebGL.Extensions.dll
Register platform support module: E:/Program Files (x86)/Unity/2020.3.12f1/Editor/Data/PlaybackEngines/WindowsStandaloneSupport/UnityEditor.WindowsStandalone.Extensions.dll
Registered in 0.001780 seconds.
Native extension for WindowsStandalone target not found
Native extension for WebGL target not found
Refreshing native plugins compatible for Editor in 40.53 ms, found 3 plugins.
Preloading 0 native plugins for Editor in 0.00 ms.
Mono: successfully reloaded assembly
- Completed reload, in  0.941 seconds
Platform modules already initialized, skipping
Registering precompiled user dll's ...
Registered in 0.003285 seconds.
Begin MonoManager ReloadAssembly
Native extension for WindowsStandalone target not found
Native extension for WebGL target not found
Refreshing native plugins compatible for Editor in 40.36 ms, found 3 plugins.
Preloading 0 native plugins for Editor in 0.00 ms.
Mono: successfully reloaded assembly
- Completed reload, in  1.085 seconds
Platform modules already initialized, skipping
========================================================================
Worker process is ready to serve import requests
Launched and connected shader compiler UnityShaderCompiler.exe after 0.05 seconds
Refreshing native plugins compatible for Editor in 0.48 ms, found 3 plugins.
Preloading 0 native plugins for Editor in 0.00 ms.
Unloading 2184 Unused Serialized files (Serialized files now loaded: 0)
System memory in use before: 95.5 MB.
System memory in use after: 95.6 MB.

Unloading 41 unused Assets to reduce memory usage. Loaded Objects now: 2610.
Total: 2.207600 ms (FindLiveObjects: 0.187900 ms CreateObjectMapping: 0.069100 ms MarkObjects: 1.892200 ms  DeleteObjects: 0.057200 ms)

AssetImportParameters requested are different than current active one (requested -> active):
  custom:framework-win-MediaFoundation: 216162199b28c13a410421893ffa2e32 -> 
  custom:video-decoder-ogg-theora: a1e56fd34408186e4bbccfd4996cb3dc -> 
  custom:container-muxer-webm: aa71ff27fc2769a1b78a27578f13a17b -> 
  custom:container-demuxer-webm: 4f35f7cbe854078d1ac9338744f61a02 -> 
  custom:container-demuxer-ogg: 62fdf1f143b41e24485cea50d1cbac27 -> 
  custom:video-encoder-webm-vp8: eb34c28f22e8b96e1ab97ce403110664 -> 
  custom:video-decoder-webm-vp8: 9c59270c3fd7afecdb556c50c9e8de78 -> 
  custom:audio-decoder-ogg-vorbis: bf7c407c2cedff20999df2af8eb42d56 -> 
  custom:audio-encoder-webm-vorbis: bf7c407c2cedff20999df2af8eb42d56 -> 
========================================================================
Received Import Request.
  path: Assets/Scripts/Fighter/FighterController.cs
  artifactKey: Guid(ed505f39bb9a9a84abb1952876676614) Importer(815301076,1909f56bfc062723c751e8b465ee728b)
Start importing Assets/Scripts/Fighter/FighterController.cs using Guid(ed505f39bb9a9a84abb1952876676614) Importer(815301076,1909f56bfc062723c751e8b465ee728b)  -> (artifact id: '47dd72a3e5d8da6232e78db065713369') in 0.037690 seconds 
  Import took 0.042922 seconds .

========================================================================
Received Import Request.
  Time since last request: 0.603543 seconds.
  path: Assets/Prefabs/Fighter
  artifactKey: Guid(f889e32446a8ef349bbf681a7a88ac43) Importer(815301076,1909f56bfc062723c751e8b465ee728b)
Start importing Assets/Prefabs/Fighter using Guid(f889e32446a8ef349bbf681a7a88ac43) Importer(815301076,1909f56bfc062723c751e8b465ee728b)  -> (artifact id: '677dce427fc67fc451403bf16a16ba46') in 0.027551 seconds 
  Import took 0.032767 seconds .

========================================================================
Received Import Request.
  Time since last request: 0.040164 seconds.
  path: Assets/Prefabs/Fighter/Fighter.prefab
  artifactKey: Guid(7fe575d21f596f44ca850d10213e44a4) Importer(815301076,1909f56bfc062723c751e8b465ee728b)
Start importing Assets/Prefabs/Fighter/Fighter.prefab using Guid(7fe575d21f596f44ca850d10213e44a4) Importer(815301076,1909f56bfc062723c751e8b465ee728b)  -> (artifact id: 'a9ccb3c7bcff9b6f2ba453cdc0792102') in 0.047152 seconds 
  Import took 0.052050 seconds .

========================================================================
Received Prepare
Refreshing native plugins compatible for Editor in 6.93 ms, found 3 plugins.
Preloading 0 native plugins for Editor in 0.00 ms.
Unloading 27 Unused Serialized files (Serialized files now loaded: 0)
System memory in use before: 52.5 MB.
System memory in use after: 52.6 MB.

Unloading 27 unused Assets to reduce memory usage. Loaded Objects now: 2610.
Total: 2.589000 ms (FindLiveObjects: 0.200500 ms CreateObjectMapping: 0.082000 ms MarkObjects: 2.289500 ms  DeleteObjects: 0.016300 ms)

AssetImportParameters requested are different than current active one (requested -> active):
  custom:framework-win-MediaFoundation: 216162199b28c13a410421893ffa2e32 -> 
  custom:video-decoder-ogg-theora: a1e56fd34408186e4bbccfd4996cb3dc -> 
  custom:container-muxer-webm: aa71ff27fc2769a1b78a27578f13a17b -> 
  custom:container-demuxer-webm: 4f35f7cbe854078d1ac9338744f61a02 -> 
  custom:container-demuxer-ogg: 62fdf1f143b41e24485cea50d1cbac27 -> 
  custom:video-encoder-webm-vp8: eb34c28f22e8b96e1ab97ce403110664 -> 
  custom:video-decoder-webm-vp8: 9c59270c3fd7afecdb556c50c9e8de78 -> 
  custom:audio-decoder-ogg-vorbis: bf7c407c2cedff20999df2af8eb42d56 -> 
  custom:audio-encoder-webm-vorbis: bf7c407c2cedff20999df2af8eb42d56 -> 
========================================================================
Received Prepare
Registering precompiled user dll's ...
Registered in 0.003141 seconds.
Begin MonoManager ReloadAssembly
Native extension for WindowsStandalone target not found
Native extension for WebGL target not found
Refreshing native plugins compatible for Editor in 0.51 ms, found 3 plugins.
Preloading 0 native plugins for Editor in 0.00 ms.
Mono: successfully reloaded assembly
- Completed reload, in  0.970 seconds
Platform modules already initialized, skipping
Refreshing native plugins compatible for Editor in 0.55 ms, found 3 plugins.
Preloading 0 native plugins for Editor in 0.00 ms.
Unloading 2174 Unused Serialized files (Serialized files now loaded: 0)
System memory in use before: 95.0 MB.
System memory in use after: 95.1 MB.

Unloading 29 unused Assets to reduce memory usage. Loaded Objects now: 2614.
Total: 2.194100 ms (FindLiveObjects: 0.157700 ms CreateObjectMapping: 0.072100 ms MarkObjects: 1.944900 ms  DeleteObjects: 0.018100 ms)

AssetImportParameters requested are different than current active one (requested -> active):
  custom:framework-win-MediaFoundation: 216162199b28c13a410421893ffa2e32 -> 
  custom:video-decoder-ogg-theora: a1e56fd34408186e4bbccfd4996cb3dc -> 
  custom:container-muxer-webm: aa71ff27fc2769a1b78a27578f13a17b -> 
  custom:container-demuxer-webm: 4f35f7cbe854078d1ac9338744f61a02 -> 
  custom:container-demuxer-ogg: 62fdf1f143b41e24485cea50d1cbac27 -> 
  custom:video-encoder-webm-vp8: eb34c28f22e8b96e1ab97ce403110664 -> 
  custom:video-decoder-webm-vp8: 9c59270c3fd7afecdb556c50c9e8de78 -> 
  custom:audio-decoder-ogg-vorbis: bf7c407c2cedff20999df2af8eb42d56 -> 
  custom:audio-encoder-webm-vorbis: bf7c407c2cedff20999df2af8eb42d56 -> 
========================================================================
Received Import Request.
  Time since last request: 129.473556 seconds.
  path: Assets/Sprites/Background/Star Background.jpg
  artifactKey: Guid(78ace35e6ed2b834ca1f1abd1b501bd4) Importer(815301076,1909f56bfc062723c751e8b465ee728b)
Start importing Assets/Sprites/Background/Star Background.jpg using Guid(78ace35e6ed2b834ca1f1abd1b501bd4) Importer(815301076,1909f56bfc062723c751e8b465ee728b)  -> (artifact id: 'fa8234426212485545a96d0ca11ca1b3') in 0.103992 seconds 
  Import took 0.109558 seconds .

========================================================================
Received Import Request.
  Time since last request: 37.211316 seconds.
  path: Assets/Prefabs/Bullet/Bullet.prefab
  artifactKey: Guid(a60faa101922d9946b13457a84b53cde) Importer(815301076,1909f56bfc062723c751e8b465ee728b)
Start importing Assets/Prefabs/Bullet/Bullet.prefab using Guid(a60faa101922d9946b13457a84b53cde) Importer(815301076,1909f56bfc062723c751e8b465ee728b)  -> (artifact id: 'cf1f26bfc98841bd765585764cdec5b5') in 0.071736 seconds 
  Import took 0.076726 seconds .

========================================================================
Received Prepare
Registering precompiled user dll's ...
Registered in 0.003514 seconds.
Begin MonoManager ReloadAssembly
Native extension for WindowsStandalone target not found
Native extension for WebGL target not found
Refreshing native plugins compatible for Editor in 0.53 ms, found 3 plugins.
Preloading 0 native plugins for Editor in 0.00 ms.
Mono: successfully reloaded assembly
- Completed reload, in  0.960 seconds
Platform modules already initialized, skipping
Refreshing native plugins compatible for Editor in 0.51 ms, found 3 plugins.
Preloading 0 native plugins for Editor in 0.00 ms.
Unloading 2174 Unused Serialized files (Serialized files now loaded: 0)
System memory in use before: 98.0 MB.
System memory in use after: 98.1 MB.

Unloading 29 unused Assets to reduce memory usage. Loaded Objects now: 2627.
Total: 2.435600 ms (FindLiveObjects: 0.183800 ms CreateObjectMapping: 0.071300 ms MarkObjects: 2.163100 ms  DeleteObjects: 0.016400 ms)

AssetImportParameters requested are different than current active one (requested -> active):
  custom:framework-win-MediaFoundation: 216162199b28c13a410421893ffa2e32 -> 
  custom:video-decoder-ogg-theora: a1e56fd34408186e4bbccfd4996cb3dc -> 
  custom:container-muxer-webm: aa71ff27fc2769a1b78a27578f13a17b -> 
  custom:container-demuxer-webm: 4f35f7cbe854078d1ac9338744f61a02 -> 
  custom:container-demuxer-ogg: 62fdf1f143b41e24485cea50d1cbac27 -> 
  custom:video-encoder-webm-vp8: eb34c28f22e8b96e1ab97ce403110664 -> 
  custom:video-decoder-webm-vp8: 9c59270c3fd7afecdb556c50c9e8de78 -> 
  custom:audio-decoder-ogg-vorbis: bf7c407c2cedff20999df2af8eb42d56 -> 
  custom:audio-encoder-webm-vorbis: bf7c407c2cedff20999df2af8eb42d56 -> 
========================================================================
Received Import Request.
  Time since last request: 47.863010 seconds.
  path: Assets/Prefabs/Fighter/Fighter.prefab
  artifactKey: Guid(7fe575d21f596f44ca850d10213e44a4) Importer(815301076,1909f56bfc062723c751e8b465ee728b)
Start importing Assets/Prefabs/Fighter/Fighter.prefab using Guid(7fe575d21f596f44ca850d10213e44a4) Importer(815301076,1909f56bfc062723c751e8b465ee728b)  -> (artifact id: 'afd6791e3a9581b8c20a94e0a3fb816d') in 0.039819 seconds 
  Import took 0.044637 seconds .

========================================================================
Received Import Request.
  Time since last request: 7.107244 seconds.
  path: Assets/Prefabs/Fighter/Fighter.prefab
  artifactKey: Guid(7fe575d21f596f44ca850d10213e44a4) Importer(815301076,1909f56bfc062723c751e8b465ee728b)
Start importing Assets/Prefabs/Fighter/Fighter.prefab using Guid(7fe575d21f596f44ca850d10213e44a4) Importer(815301076,1909f56bfc062723c751e8b465ee728b)  -> (artifact id: '13485a4af9acfc7eb288fe6f8c59b535') in 0.025283 seconds 
  Import took 0.030594 seconds .

========================================================================
Received Import Request.
  Time since last request: 2.926168 seconds.
  path: Assets/Prefabs/Fighter/Fighter.prefab
  artifactKey: Guid(7fe575d21f596f44ca850d10213e44a4) Importer(815301076,1909f56bfc062723c751e8b465ee728b)
Start importing Assets/Prefabs/Fighter/Fighter.prefab using Guid(7fe575d21f596f44ca850d10213e44a4) Importer(815301076,1909f56bfc062723c751e8b465ee728b)  -> (artifact id: 'b80d3d1f5beabdf21753ef8330c57e70') in 0.023565 seconds 
  Import took 0.028151 seconds .

========================================================================
Received Import Request.
  Time since last request: 43.835690 seconds.
  path: Assets/Prefabs/Fighter/Fighter.prefab
  artifactKey: Guid(7fe575d21f596f44ca850d10213e44a4) Importer(815301076,1909f56bfc062723c751e8b465ee728b)
Start importing Assets/Prefabs/Fighter/Fighter.prefab using Guid(7fe575d21f596f44ca850d10213e44a4) Importer(815301076,1909f56bfc062723c751e8b465ee728b)  -> (artifact id: 'a0b0b2cc2a542a9d7c13d0fbb7673ad0') in 0.023439 seconds 
  Import took 0.028371 seconds .

========================================================================
Received Import Request.
  Time since last request: 6.111803 seconds.
  path: Assets/Prefabs/Fighter/Fighter.prefab
  artifactKey: Guid(7fe575d21f596f44ca850d10213e44a4) Importer(815301076,1909f56bfc062723c751e8b465ee728b)
Start importing Assets/Prefabs/Fighter/Fighter.prefab using Guid(7fe575d21f596f44ca850d10213e44a4) Importer(815301076,1909f56bfc062723c751e8b465ee728b)  -> (artifact id: 'bc5997a38095ec983ff5ba9f86d0c142') in 0.025665 seconds 
  Import took 0.029383 seconds .

========================================================================
Received Import Request.
  Time since last request: 4.311890 seconds.
  path: Assets/Prefabs/Fighter/Fighter.prefab
  artifactKey: Guid(7fe575d21f596f44ca850d10213e44a4) Importer(815301076,1909f56bfc062723c751e8b465ee728b)
Start importing Assets/Prefabs/Fighter/Fighter.prefab using Guid(7fe575d21f596f44ca850d10213e44a4) Importer(815301076,1909f56bfc062723c751e8b465ee728b)  -> (artifact id: '9a37babfc24bf324f03ba36022e2b09b') in 0.024826 seconds 
  Import took 0.028899 seconds .

========================================================================
Received Import Request.
  Time since last request: 61.550520 seconds.
  path: Assets/Prefabs/Fighter/Fighter.prefab
  artifactKey: Guid(7fe575d21f596f44ca850d10213e44a4) Importer(815301076,1909f56bfc062723c751e8b465ee728b)
Start importing Assets/Prefabs/Fighter/Fighter.prefab using Guid(7fe575d21f596f44ca850d10213e44a4) Importer(815301076,1909f56bfc062723c751e8b465ee728b)  -> (artifact id: 'c6ef571ebf98470d9094c1556311d147') in 0.052095 seconds 
  Import took 0.056354 seconds .

========================================================================
Received Prepare
Registering precompiled user dll's ...
Registered in 0.003704 seconds.
Begin MonoManager ReloadAssembly
Native extension for WindowsStandalone target not found
Native extension for WebGL target not found
Refreshing native plugins compatible for Editor in 0.51 ms, found 3 plugins.
Preloading 0 native plugins for Editor in 0.00 ms.
Mono: successfully reloaded assembly
- Completed reload, in  0.975 seconds
Platform modules already initialized, skipping
Refreshing native plugins compatible for Editor in 0.50 ms, found 3 plugins.
Preloading 0 native plugins for Editor in 0.00 ms.
Unloading 2174 Unused Serialized files (Serialized files now loaded: 0)
System memory in use before: 98.1 MB.
System memory in use after: 98.2 MB.

Unloading 29 unused Assets to reduce memory usage. Loaded Objects now: 2632.
Total: 2.489100 ms (FindLiveObjects: 0.315100 ms CreateObjectMapping: 0.071300 ms MarkObjects: 2.084800 ms  DeleteObjects: 0.016900 ms)

AssetImportParameters requested are different than current active one (requested -> active):
  custom:framework-win-MediaFoundation: 216162199b28c13a410421893ffa2e32 -> 
  custom:video-decoder-ogg-theora: a1e56fd34408186e4bbccfd4996cb3dc -> 
  custom:container-muxer-webm: aa71ff27fc2769a1b78a27578f13a17b -> 
  custom:container-demuxer-webm: 4f35f7cbe854078d1ac9338744f61a02 -> 
  custom:container-demuxer-ogg: 62fdf1f143b41e24485cea50d1cbac27 -> 
  custom:video-encoder-webm-vp8: eb34c28f22e8b96e1ab97ce403110664 -> 
  custom:video-decoder-webm-vp8: 9c59270c3fd7afecdb556c50c9e8de78 -> 
  custom:audio-decoder-ogg-vorbis: bf7c407c2cedff20999df2af8eb42d56 -> 
  custom:audio-encoder-webm-vorbis: bf7c407c2cedff20999df2af8eb42d56 -> 
========================================================================
Received Import Request.
  Time since last request: 51.833366 seconds.
  path: Assets/Prefabs/Bullet/Bullet.prefab
  artifactKey: Guid(a60faa101922d9946b13457a84b53cde) Importer(815301076,1909f56bfc062723c751e8b465ee728b)
Start importing Assets/Prefabs/Bullet/Bullet.prefab using Guid(a60faa101922d9946b13457a84b53cde) Importer(815301076,1909f56bfc062723c751e8b465ee728b)  -> (artifact id: '2b9c6a7e0d0687751dcb6bfe51433523') in 0.069002 seconds 
  Import took 0.072801 seconds .

========================================================================
Received Import Request.
  Time since last request: 41.720487 seconds.
  path: Assets/Prefabs/Fighter/Fighter.prefab
  artifactKey: Guid(7fe575d21f596f44ca850d10213e44a4) Importer(815301076,1909f56bfc062723c751e8b465ee728b)
Start importing Assets/Prefabs/Fighter/Fighter.prefab using Guid(7fe575d21f596f44ca850d10213e44a4) Importer(815301076,1909f56bfc062723c751e8b465ee728b)  -> (artifact id: '3ba338c2f46e7ff4145c436f21d32b9e') in 0.032110 seconds 
  Import took 0.036402 seconds .

========================================================================
Received Import Request.
  Time since last request: 68.295355 seconds.
  path: Assets/Prefabs/Fighter/Fighter.prefab
  artifactKey: Guid(7fe575d21f596f44ca850d10213e44a4) Importer(815301076,1909f56bfc062723c751e8b465ee728b)
Start importing Assets/Prefabs/Fighter/Fighter.prefab using Guid(7fe575d21f596f44ca850d10213e44a4) Importer(815301076,1909f56bfc062723c751e8b465ee728b)  -> (artifact id: '8a4a296afa6156b8de53a9f81c9d8da5') in 0.043208 seconds 
  Import took 0.048117 seconds .

========================================================================
Received Prepare
Registering precompiled user dll's ...
Registered in 0.003681 seconds.
Begin MonoManager ReloadAssembly
Native extension for WindowsStandalone target not found
Native extension for WebGL target not found
Refreshing native plugins compatible for Editor in 0.60 ms, found 3 plugins.
Preloading 0 native plugins for Editor in 0.00 ms.
Mono: successfully reloaded assembly
- Completed reload, in  1.123 seconds
Platform modules already initialized, skipping
Refreshing native plugins compatible for Editor in 0.52 ms, found 3 plugins.
Preloading 0 native plugins for Editor in 0.00 ms.
Unloading 2174 Unused Serialized files (Serialized files now loaded: 0)
System memory in use before: 98.1 MB.
System memory in use after: 98.2 MB.

Unloading 29 unused Assets to reduce memory usage. Loaded Objects now: 2637.
Total: 2.100700 ms (FindLiveObjects: 0.173600 ms CreateObjectMapping: 0.074300 ms MarkObjects: 1.834100 ms  DeleteObjects: 0.017500 ms)

AssetImportParameters requested are different than current active one (requested -> active):
  custom:framework-win-MediaFoundation: 216162199b28c13a410421893ffa2e32 -> 
  custom:video-decoder-ogg-theora: a1e56fd34408186e4bbccfd4996cb3dc -> 
  custom:container-muxer-webm: aa71ff27fc2769a1b78a27578f13a17b -> 
  custom:container-demuxer-webm: 4f35f7cbe854078d1ac9338744f61a02 -> 
  custom:container-demuxer-ogg: 62fdf1f143b41e24485cea50d1cbac27 -> 
  custom:video-encoder-webm-vp8: eb34c28f22e8b96e1ab97ce403110664 -> 
  custom:video-decoder-webm-vp8: 9c59270c3fd7afecdb556c50c9e8de78 -> 
  custom:audio-decoder-ogg-vorbis: bf7c407c2cedff20999df2af8eb42d56 -> 
  custom:audio-encoder-webm-vorbis: bf7c407c2cedff20999df2af8eb42d56 -> 
========================================================================
Received Import Request.
  Time since last request: 140.403072 seconds.
  path: Assets/Prefabs/Fighter/Fighter.prefab
  artifactKey: Guid(7fe575d21f596f44ca850d10213e44a4) Importer(815301076,1909f56bfc062723c751e8b465ee728b)
Start importing Assets/Prefabs/Fighter/Fighter.prefab using Guid(7fe575d21f596f44ca850d10213e44a4) Importer(815301076,1909f56bfc062723c751e8b465ee728b)  -> (artifact id: 'acfec4b8f4cc204b6006c05ff3e5344e') in 0.066173 seconds 
  Import took 0.070141 seconds .

AssetImportWorkerClient::OnTransportError - code=2 error=End of file
